::1 - - [03/Oct/2020:16:33:05 +0000] "GET / HTTP/1.1" 304 - "-" "Mozilla/5.0 (Windows NT 10.0; Win64; x64; rv:82.0) Gecko/20100101 Firefox/82.0"
::1 - - [03/Oct/2020:16:33:06 +0000] "GET /javascript_CSS/vendor/bootstrap/css/bootstrap.min.css HTTP/1.1" 304 - "-" "Mozilla/5.0 (Windows NT 10.0; Win64; x64; rv:82.0) Gecko/20100101 Firefox/82.0"
::1 - - [03/Oct/2020:16:33:06 +0000] "GET /javascript_CSS/vendor/font-awesome/css/font-awesome.min.css HTTP/1.1" 304 - "-" "Mozilla/5.0 (Windows NT 10.0; Win64; x64; rv:82.0) Gecko/20100101 Firefox/82.0"
::1 - - [03/Oct/2020:16:33:06 +0000] "GET /javascript_CSS/vendor/magnific-popup/magnific-popup.css HTTP/1.1" 304 - "-" "Mozilla/5.0 (Windows NT 10.0; Win64; x64; rv:82.0) Gecko/20100101 Firefox/82.0"
::1 - - [03/Oct/2020:16:33:06 +0000] "GET /javascript_CSS/css/creative.min.css HTTP/1.1" 304 - "-" "Mozilla/5.0 (Windows NT 10.0; Win64; x64; rv:82.0) Gecko/20100101 Firefox/82.0"
::1 - - [03/Oct/2020:16:33:06 +0000] "GET /javascript_CSS/fonts/material-icon/css/material-design-iconic-font.min.css HTTP/1.1" 304 - "-" "Mozilla/5.0 (Windows NT 10.0; Win64; x64; rv:82.0) Gecko/20100101 Firefox/82.0"
::1 - - [03/Oct/2020:16:33:06 +0000] "GET /javascript_CSS/css/style.css HTTP/1.1" 304 - "-" "Mozilla/5.0 (Windows NT 10.0; Win64; x64; rv:82.0) Gecko/20100101 Firefox/82.0"
::1 - - [03/Oct/2020:16:33:06 +0000] "GET /javascript_CSS/css/order_form.css HTTP/1.1" 304 - "-" "Mozilla/5.0 (Windows NT 10.0; Win64; x64; rv:82.0) Gecko/20100101 Firefox/82.0"
::1 - - [03/Oct/2020:16:33:06 +0000] "GET /javascript_CSS/css/Admin_Table.css HTTP/1.1" 304 - "-" "Mozilla/5.0 (Windows NT 10.0; Win64; x64; rv:82.0) Gecko/20100101 Firefox/82.0"
::1 - - [03/Oct/2020:16:33:06 +0000] "GET /javascript_CSS/vendor/jquery/jquery.min.js HTTP/1.1" 304 - "-" "Mozilla/5.0 (Windows NT 10.0; Win64; x64; rv:82.0) Gecko/20100101 Firefox/82.0"
::1 - - [03/Oct/2020:16:33:06 +0000] "GET /javascript_CSS/vendor/popper/popper.min.js HTTP/1.1" 304 - "-" "Mozilla/5.0 (Windows NT 10.0; Win64; x64; rv:82.0) Gecko/20100101 Firefox/82.0"
::1 - - [03/Oct/2020:16:33:06 +0000] "GET /javascript_CSS/vendor/bootstrap/js/bootstrap.min.js HTTP/1.1" 304 - "-" "Mozilla/5.0 (Windows NT 10.0; Win64; x64; rv:82.0) Gecko/20100101 Firefox/82.0"
::1 - - [03/Oct/2020:16:33:06 +0000] "GET /javascript_CSS/vendor/jquery-easing/jquery.easing.min.js HTTP/1.1" 304 - "-" "Mozilla/5.0 (Windows NT 10.0; Win64; x64; rv:82.0) Gecko/20100101 Firefox/82.0"
::1 - - [03/Oct/2020:16:33:06 +0000] "GET /javascript_CSS/vendor/scrollreveal/scrollreveal.min.js HTTP/1.1" 304 - "-" "Mozilla/5.0 (Windows NT 10.0; Win64; x64; rv:82.0) Gecko/20100101 Firefox/82.0"
::1 - - [03/Oct/2020:16:33:06 +0000] "GET /javascript_CSS/vendor/magnific-popup/jquery.magnific-popup.min.js HTTP/1.1" 304 - "-" "Mozilla/5.0 (Windows NT 10.0; Win64; x64; rv:82.0) Gecko/20100101 Firefox/82.0"
::1 - - [03/Oct/2020:16:33:06 +0000] "GET /javascript_CSS/js/creative.min.js HTTP/1.1" 304 - "-" "Mozilla/5.0 (Windows NT 10.0; Win64; x64; rv:82.0) Gecko/20100101 Firefox/82.0"
::1 - - [03/Oct/2020:16:33:06 +0000] "GET /javascript_CSS/js/main.js HTTP/1.1" 304 - "-" "Mozilla/5.0 (Windows NT 10.0; Win64; x64; rv:82.0) Gecko/20100101 Firefox/82.0"
::1 - - [03/Oct/2020:16:33:06 +0000] "GET /javascript_CSS/js/order_form.js HTTP/1.1" 304 - "-" "Mozilla/5.0 (Windows NT 10.0; Win64; x64; rv:82.0) Gecko/20100101 Firefox/82.0"
::1 - - [03/Oct/2020:16:33:07 +0000] "GET /javascript_CSS/img/Logo/DT_main.png HTTP/1.1" 304 - "-" "Mozilla/5.0 (Windows NT 10.0; Win64; x64; rv:82.0) Gecko/20100101 Firefox/82.0"
::1 - - [03/Oct/2020:16:33:07 +0000] "GET /javascript_CSS/img/portfolio/thumbnails/1.jpg HTTP/1.1" 304 - "-" "Mozilla/5.0 (Windows NT 10.0; Win64; x64; rv:82.0) Gecko/20100101 Firefox/82.0"
::1 - - [03/Oct/2020:16:33:07 +0000] "GET /javascript_CSS/img/portfolio/thumbnails/2.jpg HTTP/1.1" 304 - "-" "Mozilla/5.0 (Windows NT 10.0; Win64; x64; rv:82.0) Gecko/20100101 Firefox/82.0"
::1 - - [03/Oct/2020:16:33:07 +0000] "GET /javascript_CSS/img/portfolio/thumbnails/3.jpg HTTP/1.1" 304 - "-" "Mozilla/5.0 (Windows NT 10.0; Win64; x64; rv:82.0) Gecko/20100101 Firefox/82.0"
::1 - - [03/Oct/2020:16:33:07 +0000] "GET /javascript_CSS/img/portfolio/thumbnails/4.jpg HTTP/1.1" 304 - "-" "Mozilla/5.0 (Windows NT 10.0; Win64; x64; rv:82.0) Gecko/20100101 Firefox/82.0"
::1 - - [03/Oct/2020:16:33:07 +0000] "GET /javascript_CSS/img/portfolio/thumbnails/5.jpg HTTP/1.1" 304 - "-" "Mozilla/5.0 (Windows NT 10.0; Win64; x64; rv:82.0) Gecko/20100101 Firefox/82.0"
::1 - - [03/Oct/2020:16:33:07 +0000] "GET /javascript_CSS/img/portfolio/thumbnails/6.jpg HTTP/1.1" 304 - "-" "Mozilla/5.0 (Windows NT 10.0; Win64; x64; rv:82.0) Gecko/20100101 Firefox/82.0"
::1 - - [03/Oct/2020:16:33:07 +0000] "GET /javascript_CSS/img/HomeImg/1.jpg HTTP/1.1" 304 - "-" "Mozilla/5.0 (Windows NT 10.0; Win64; x64; rv:82.0) Gecko/20100101 Firefox/82.0"
::1 - - [03/Oct/2020:16:33:07 +0000] "GET /javascript_CSS/vendor/jquery/jquery.min.js HTTP/1.1" 304 - "-" "Mozilla/5.0 (Windows NT 10.0; Win64; x64; rv:82.0) Gecko/20100101 Firefox/82.0"
::1 - - [03/Oct/2020:16:33:30 +0000] "GET / HTTP/1.1" 304 - "-" "Mozilla/5.0 (Windows NT 10.0; Win64; x64; rv:82.0) Gecko/20100101 Firefox/82.0"
::1 - - [03/Oct/2020:16:33:30 +0000] "GET /javascript_CSS/vendor/bootstrap/css/bootstrap.min.css HTTP/1.1" 304 - "-" "Mozilla/5.0 (Windows NT 10.0; Win64; x64; rv:82.0) Gecko/20100101 Firefox/82.0"
::1 - - [03/Oct/2020:16:33:30 +0000] "GET /javascript_CSS/vendor/font-awesome/css/font-awesome.min.css HTTP/1.1" 304 - "-" "Mozilla/5.0 (Windows NT 10.0; Win64; x64; rv:82.0) Gecko/20100101 Firefox/82.0"
::1 - - [03/Oct/2020:16:33:30 +0000] "GET /javascript_CSS/vendor/magnific-popup/magnific-popup.css HTTP/1.1" 304 - "-" "Mozilla/5.0 (Windows NT 10.0; Win64; x64; rv:82.0) Gecko/20100101 Firefox/82.0"
::1 - - [03/Oct/2020:16:33:30 +0000] "GET /javascript_CSS/css/creative.min.css HTTP/1.1" 304 - "-" "Mozilla/5.0 (Windows NT 10.0; Win64; x64; rv:82.0) Gecko/20100101 Firefox/82.0"
::1 - - [03/Oct/2020:16:33:30 +0000] "GET /javascript_CSS/fonts/material-icon/css/material-design-iconic-font.min.css HTTP/1.1" 304 - "-" "Mozilla/5.0 (Windows NT 10.0; Win64; x64; rv:82.0) Gecko/20100101 Firefox/82.0"
::1 - - [03/Oct/2020:16:33:30 +0000] "GET /javascript_CSS/css/style.css HTTP/1.1" 304 - "-" "Mozilla/5.0 (Windows NT 10.0; Win64; x64; rv:82.0) Gecko/20100101 Firefox/82.0"
::1 - - [03/Oct/2020:16:33:30 +0000] "GET /javascript_CSS/css/order_form.css HTTP/1.1" 304 - "-" "Mozilla/5.0 (Windows NT 10.0; Win64; x64; rv:82.0) Gecko/20100101 Firefox/82.0"
::1 - - [03/Oct/2020:16:33:30 +0000] "GET /javascript_CSS/css/Admin_Table.css HTTP/1.1" 304 - "-" "Mozilla/5.0 (Windows NT 10.0; Win64; x64; rv:82.0) Gecko/20100101 Firefox/82.0"
::1 - - [03/Oct/2020:16:33:31 +0000] "GET /javascript_CSS/vendor/jquery/jquery.min.js HTTP/1.1" 304 - "-" "Mozilla/5.0 (Windows NT 10.0; Win64; x64; rv:82.0) Gecko/20100101 Firefox/82.0"
::1 - - [03/Oct/2020:16:33:31 +0000] "GET /javascript_CSS/vendor/popper/popper.min.js HTTP/1.1" 304 - "-" "Mozilla/5.0 (Windows NT 10.0; Win64; x64; rv:82.0) Gecko/20100101 Firefox/82.0"
::1 - - [03/Oct/2020:16:33:31 +0000] "GET /javascript_CSS/vendor/bootstrap/js/bootstrap.min.js HTTP/1.1" 304 - "-" "Mozilla/5.0 (Windows NT 10.0; Win64; x64; rv:82.0) Gecko/20100101 Firefox/82.0"
::1 - - [03/Oct/2020:16:33:31 +0000] "GET /javascript_CSS/vendor/jquery-easing/jquery.easing.min.js HTTP/1.1" 304 - "-" "Mozilla/5.0 (Windows NT 10.0; Win64; x64; rv:82.0) Gecko/20100101 Firefox/82.0"
::1 - - [03/Oct/2020:16:33:31 +0000] "GET /javascript_CSS/vendor/scrollreveal/scrollreveal.min.js HTTP/1.1" 304 - "-" "Mozilla/5.0 (Windows NT 10.0; Win64; x64; rv:82.0) Gecko/20100101 Firefox/82.0"
::1 - - [03/Oct/2020:16:33:31 +0000] "GET /javascript_CSS/vendor/magnific-popup/jquery.magnific-popup.min.js HTTP/1.1" 304 - "-" "Mozilla/5.0 (Windows NT 10.0; Win64; x64; rv:82.0) Gecko/20100101 Firefox/82.0"
::1 - - [03/Oct/2020:16:33:31 +0000] "GET /javascript_CSS/js/creative.min.js HTTP/1.1" 304 - "-" "Mozilla/5.0 (Windows NT 10.0; Win64; x64; rv:82.0) Gecko/20100101 Firefox/82.0"
::1 - - [03/Oct/2020:16:33:31 +0000] "GET /javascript_CSS/js/main.js HTTP/1.1" 304 - "-" "Mozilla/5.0 (Windows NT 10.0; Win64; x64; rv:82.0) Gecko/20100101 Firefox/82.0"
::1 - - [03/Oct/2020:16:33:31 +0000] "GET /javascript_CSS/js/order_form.js HTTP/1.1" 304 - "-" "Mozilla/5.0 (Windows NT 10.0; Win64; x64; rv:82.0) Gecko/20100101 Firefox/82.0"
::1 - - [03/Oct/2020:16:33:31 +0000] "GET /javascript_CSS/img/Logo/DT_main.png HTTP/1.1" 304 - "-" "Mozilla/5.0 (Windows NT 10.0; Win64; x64; rv:82.0) Gecko/20100101 Firefox/82.0"
::1 - - [03/Oct/2020:16:33:31 +0000] "GET /javascript_CSS/img/portfolio/thumbnails/1.jpg HTTP/1.1" 304 - "-" "Mozilla/5.0 (Windows NT 10.0; Win64; x64; rv:82.0) Gecko/20100101 Firefox/82.0"
::1 - - [03/Oct/2020:16:33:31 +0000] "GET /javascript_CSS/img/portfolio/thumbnails/2.jpg HTTP/1.1" 304 - "-" "Mozilla/5.0 (Windows NT 10.0; Win64; x64; rv:82.0) Gecko/20100101 Firefox/82.0"
::1 - - [03/Oct/2020:16:33:31 +0000] "GET /javascript_CSS/img/portfolio/thumbnails/3.jpg HTTP/1.1" 304 - "-" "Mozilla/5.0 (Windows NT 10.0; Win64; x64; rv:82.0) Gecko/20100101 Firefox/82.0"
::1 - - [03/Oct/2020:16:33:31 +0000] "GET /javascript_CSS/img/portfolio/thumbnails/4.jpg HTTP/1.1" 304 - "-" "Mozilla/5.0 (Windows NT 10.0; Win64; x64; rv:82.0) Gecko/20100101 Firefox/82.0"
::1 - - [03/Oct/2020:16:33:31 +0000] "GET /javascript_CSS/img/portfolio/thumbnails/5.jpg HTTP/1.1" 304 - "-" "Mozilla/5.0 (Windows NT 10.0; Win64; x64; rv:82.0) Gecko/20100101 Firefox/82.0"
::1 - - [03/Oct/2020:16:33:31 +0000] "GET /javascript_CSS/img/portfolio/thumbnails/6.jpg HTTP/1.1" 304 - "-" "Mozilla/5.0 (Windows NT 10.0; Win64; x64; rv:82.0) Gecko/20100101 Firefox/82.0"
::1 - - [03/Oct/2020:16:33:31 +0000] "GET /javascript_CSS/img/HomeImg/1.jpg HTTP/1.1" 304 - "-" "Mozilla/5.0 (Windows NT 10.0; Win64; x64; rv:82.0) Gecko/20100101 Firefox/82.0"
::1 - - [03/Oct/2020:16:33:31 +0000] "GET /javascript_CSS/vendor/jquery/jquery.min.js HTTP/1.1" 304 - "-" "Mozilla/5.0 (Windows NT 10.0; Win64; x64; rv:82.0) Gecko/20100101 Firefox/82.0"
::1 - - [03/Oct/2020:16:33:47 +0000] "GET / HTTP/1.1" 304 - "-" "Mozilla/5.0 (Windows NT 10.0; Win64; x64; rv:82.0) Gecko/20100101 Firefox/82.0"
::1 - - [03/Oct/2020:16:33:48 +0000] "GET /javascript_CSS/vendor/bootstrap/css/bootstrap.min.css HTTP/1.1" 304 - "-" "Mozilla/5.0 (Windows NT 10.0; Win64; x64; rv:82.0) Gecko/20100101 Firefox/82.0"
::1 - - [03/Oct/2020:16:33:49 +0000] "GET /javascript_CSS/vendor/font-awesome/css/font-awesome.min.css HTTP/1.1" 304 - "-" "Mozilla/5.0 (Windows NT 10.0; Win64; x64; rv:82.0) Gecko/20100101 Firefox/82.0"
::1 - - [03/Oct/2020:16:33:49 +0000] "GET /javascript_CSS/vendor/magnific-popup/magnific-popup.css HTTP/1.1" 304 - "-" "Mozilla/5.0 (Windows NT 10.0; Win64; x64; rv:82.0) Gecko/20100101 Firefox/82.0"
::1 - - [03/Oct/2020:16:33:49 +0000] "GET /javascript_CSS/css/creative.min.css HTTP/1.1" 304 - "-" "Mozilla/5.0 (Windows NT 10.0; Win64; x64; rv:82.0) Gecko/20100101 Firefox/82.0"
::1 - - [03/Oct/2020:16:33:49 +0000] "GET /javascript_CSS/fonts/material-icon/css/material-design-iconic-font.min.css HTTP/1.1" 304 - "-" "Mozilla/5.0 (Windows NT 10.0; Win64; x64; rv:82.0) Gecko/20100101 Firefox/82.0"
::1 - - [03/Oct/2020:16:33:49 +0000] "GET /javascript_CSS/css/style.css HTTP/1.1" 304 - "-" "Mozilla/5.0 (Windows NT 10.0; Win64; x64; rv:82.0) Gecko/20100101 Firefox/82.0"
::1 - - [03/Oct/2020:16:33:49 +0000] "GET /javascript_CSS/css/order_form.css HTTP/1.1" 304 - "-" "Mozilla/5.0 (Windows NT 10.0; Win64; x64; rv:82.0) Gecko/20100101 Firefox/82.0"
::1 - - [03/Oct/2020:16:33:49 +0000] "GET /javascript_CSS/css/Admin_Table.css HTTP/1.1" 304 - "-" "Mozilla/5.0 (Windows NT 10.0; Win64; x64; rv:82.0) Gecko/20100101 Firefox/82.0"
::1 - - [03/Oct/2020:16:33:49 +0000] "GET /javascript_CSS/img/Logo/DT_main.png HTTP/1.1" 304 - "-" "Mozilla/5.0 (Windows NT 10.0; Win64; x64; rv:82.0) Gecko/20100101 Firefox/82.0"
::1 - - [03/Oct/2020:16:33:49 +0000] "GET /javascript_CSS/img/portfolio/thumbnails/1.jpg HTTP/1.1" 304 - "-" "Mozilla/5.0 (Windows NT 10.0; Win64; x64; rv:82.0) Gecko/20100101 Firefox/82.0"
::1 - - [03/Oct/2020:16:33:49 +0000] "GET /javascript_CSS/img/portfolio/thumbnails/2.jpg HTTP/1.1" 304 - "-" "Mozilla/5.0 (Windows NT 10.0; Win64; x64; rv:82.0) Gecko/20100101 Firefox/82.0"
::1 - - [03/Oct/2020:16:33:49 +0000] "GET /javascript_CSS/img/portfolio/thumbnails/3.jpg HTTP/1.1" 304 - "-" "Mozilla/5.0 (Windows NT 10.0; Win64; x64; rv:82.0) Gecko/20100101 Firefox/82.0"
::1 - - [03/Oct/2020:16:33:49 +0000] "GET /javascript_CSS/img/portfolio/thumbnails/4.jpg HTTP/1.1" 304 - "-" "Mozilla/5.0 (Windows NT 10.0; Win64; x64; rv:82.0) Gecko/20100101 Firefox/82.0"
::1 - - [03/Oct/2020:16:33:49 +0000] "GET /javascript_CSS/img/portfolio/thumbnails/5.jpg HTTP/1.1" 304 - "-" "Mozilla/5.0 (Windows NT 10.0; Win64; x64; rv:82.0) Gecko/20100101 Firefox/82.0"
::1 - - [03/Oct/2020:16:33:49 +0000] "GET /javascript_CSS/img/portfolio/thumbnails/6.jpg HTTP/1.1" 304 - "-" "Mozilla/5.0 (Windows NT 10.0; Win64; x64; rv:82.0) Gecko/20100101 Firefox/82.0"
::1 - - [03/Oct/2020:16:33:49 +0000] "GET /javascript_CSS/vendor/jquery/jquery.min.js HTTP/1.1" 304 - "-" "Mozilla/5.0 (Windows NT 10.0; Win64; x64; rv:82.0) Gecko/20100101 Firefox/82.0"
::1 - - [03/Oct/2020:16:33:49 +0000] "GET /javascript_CSS/vendor/popper/popper.min.js HTTP/1.1" 304 - "-" "Mozilla/5.0 (Windows NT 10.0; Win64; x64; rv:82.0) Gecko/20100101 Firefox/82.0"
::1 - - [03/Oct/2020:16:33:49 +0000] "GET /javascript_CSS/vendor/bootstrap/js/bootstrap.min.js HTTP/1.1" 304 - "-" "Mozilla/5.0 (Windows NT 10.0; Win64; x64; rv:82.0) Gecko/20100101 Firefox/82.0"
::1 - - [03/Oct/2020:16:33:49 +0000] "GET /javascript_CSS/vendor/jquery-easing/jquery.easing.min.js HTTP/1.1" 304 - "-" "Mozilla/5.0 (Windows NT 10.0; Win64; x64; rv:82.0) Gecko/20100101 Firefox/82.0"
::1 - - [03/Oct/2020:16:33:49 +0000] "GET /javascript_CSS/vendor/scrollreveal/scrollreveal.min.js HTTP/1.1" 304 - "-" "Mozilla/5.0 (Windows NT 10.0; Win64; x64; rv:82.0) Gecko/20100101 Firefox/82.0"
::1 - - [03/Oct/2020:16:33:49 +0000] "GET /javascript_CSS/vendor/magnific-popup/jquery.magnific-popup.min.js HTTP/1.1" 304 - "-" "Mozilla/5.0 (Windows NT 10.0; Win64; x64; rv:82.0) Gecko/20100101 Firefox/82.0"
::1 - - [03/Oct/2020:16:33:49 +0000] "GET /javascript_CSS/js/creative.min.js HTTP/1.1" 304 - "-" "Mozilla/5.0 (Windows NT 10.0; Win64; x64; rv:82.0) Gecko/20100101 Firefox/82.0"
::1 - - [03/Oct/2020:16:33:49 +0000] "GET /javascript_CSS/js/main.js HTTP/1.1" 304 - "-" "Mozilla/5.0 (Windows NT 10.0; Win64; x64; rv:82.0) Gecko/20100101 Firefox/82.0"
::1 - - [03/Oct/2020:16:33:49 +0000] "GET /javascript_CSS/js/order_form.js HTTP/1.1" 304 - "-" "Mozilla/5.0 (Windows NT 10.0; Win64; x64; rv:82.0) Gecko/20100101 Firefox/82.0"
::1 - - [03/Oct/2020:16:33:49 +0000] "GET /javascript_CSS/img/HomeImg/1.jpg HTTP/1.1" 304 - "-" "Mozilla/5.0 (Windows NT 10.0; Win64; x64; rv:82.0) Gecko/20100101 Firefox/82.0"
::1 - - [03/Oct/2020:16:33:49 +0000] "GET /javascript_CSS/vendor/font-awesome/fonts/fontawesome-webfont.woff2?v=4.7.0 HTTP/1.1" 200 77160 "-" "Mozilla/5.0 (Windows NT 10.0; Win64; x64; rv:82.0) Gecko/20100101 Firefox/82.0"
::1 - - [03/Oct/2020:16:33:49 +0000] "GET /javascript_CSS/fonts/poppins/poppins-v5-latin-regular.woff2 HTTP/1.1" 304 - "-" "Mozilla/5.0 (Windows NT 10.0; Win64; x64; rv:82.0) Gecko/20100101 Firefox/82.0"
::1 - - [03/Oct/2020:16:33:49 +0000] "GET /javascript_CSS/fonts/poppins/poppins-v5-latin-700.woff2 HTTP/1.1" 304 - "-" "Mozilla/5.0 (Windows NT 10.0; Win64; x64; rv:82.0) Gecko/20100101 Firefox/82.0"
::1 - - [03/Oct/2020:16:33:50 +0000] "GET /javascript_CSS/vendor/jquery/jquery.min.js HTTP/1.1" 304 - "-" "Mozilla/5.0 (Windows NT 10.0; Win64; x64; rv:82.0) Gecko/20100101 Firefox/82.0"
